成功连接数据库！
深度神经网络模型开始进行训练！
Epoch 1/100
6/6 - 1s - loss: 4.9568 - accuracy: 0.3138 - val_loss: 4.2856 - val_accuracy: 0.9414 - 708ms/epoch - 118ms/step
Epoch 2/100
6/6 - 0s - loss: 3.7550 - accuracy: 0.9597 - val_loss: 3.0219 - val_accuracy: 0.9414 - 34ms/epoch - 6ms/step
Epoch 3/100
6/6 - 0s - loss: 2.3860 - accuracy: 0.9597 - val_loss: 1.6256 - val_accuracy: 0.9414 - 32ms/epoch - 5ms/step
Epoch 4/100
6/6 - 0s - loss: 1.1134 - accuracy: 0.9597 - val_loss: 0.7263 - val_accuracy: 0.9414 - 32ms/epoch - 5ms/step
Epoch 5/100
6/6 - 0s - loss: 0.5014 - accuracy: 0.9597 - val_loss: 0.4502 - val_accuracy: 0.9414 - 31ms/epoch - 5ms/step
Epoch 6/100
6/6 - 0s - loss: 0.3237 - accuracy: 0.9597 - val_loss: 0.3622 - val_accuracy: 0.9414 - 30ms/epoch - 5ms/step
Epoch 7/100
6/6 - 0s - loss: 0.2645 - accuracy: 0.9597 - val_loss: 0.3253 - val_accuracy: 0.9414 - 31ms/epoch - 5ms/step
Epoch 8/100
6/6 - 0s - loss: 0.2377 - accuracy: 0.9597 - val_loss: 0.3041 - val_accuracy: 0.9414 - 31ms/epoch - 5ms/step
Epoch 9/100
6/6 - 0s - loss: 0.2214 - accuracy: 0.9597 - val_loss: 0.2889 - val_accuracy: 0.9414 - 31ms/epoch - 5ms/step
Epoch 10/100
6/6 - 0s - loss: 0.2102 - accuracy: 0.9597 - val_loss: 0.2769 - val_accuracy: 0.9414 - 32ms/epoch - 5ms/step
Epoch 11/100
6/6 - 0s - loss: 0.2006 - accuracy: 0.9597 - val_loss: 0.2653 - val_accuracy: 0.9414 - 30ms/epoch - 5ms/step
Epoch 12/100
6/6 - 0s - loss: 0.1917 - accuracy: 0.9597 - val_loss: 0.2542 - val_accuracy: 0.9414 - 31ms/epoch - 5ms/step
Epoch 13/100
6/6 - 0s - loss: 0.1832 - accuracy: 0.9597 - val_loss: 0.2431 - val_accuracy: 0.9414 - 30ms/epoch - 5ms/step
Epoch 14/100
6/6 - 0s - loss: 0.1762 - accuracy: 0.9597 - val_loss: 0.2333 - val_accuracy: 0.9414 - 30ms/epoch - 5ms/step
Epoch 15/100
6/6 - 0s - loss: 0.1690 - accuracy: 0.9597 - val_loss: 0.2208 - val_accuracy: 0.9414 - 31ms/epoch - 5ms/step
Epoch 16/100
6/6 - 0s - loss: 0.1614 - accuracy: 0.9597 - val_loss: 0.2086 - val_accuracy: 0.9414 - 32ms/epoch - 5ms/step
Epoch 17/100
6/6 - 0s - loss: 0.1551 - accuracy: 0.9597 - val_loss: 0.1957 - val_accuracy: 0.9414 - 32ms/epoch - 5ms/step
Epoch 18/100
6/6 - 0s - loss: 0.1472 - accuracy: 0.9597 - val_loss: 0.1848 - val_accuracy: 0.9414 - 31ms/epoch - 5ms/step
Epoch 19/100
6/6 - 0s - loss: 0.1415 - accuracy: 0.9597 - val_loss: 0.1766 - val_accuracy: 0.9414 - 31ms/epoch - 5ms/step
Epoch 20/100
6/6 - 0s - loss: 0.1366 - accuracy: 0.9597 - val_loss: 0.1678 - val_accuracy: 0.9414 - 30ms/epoch - 5ms/step
Epoch 21/100
6/6 - 0s - loss: 0.1307 - accuracy: 0.9597 - val_loss: 0.1635 - val_accuracy: 0.9414 - 30ms/epoch - 5ms/step
Epoch 22/100
6/6 - 0s - loss: 0.1290 - accuracy: 0.9597 - val_loss: 0.1563 - val_accuracy: 0.9414 - 30ms/epoch - 5ms/step
Epoch 23/100
6/6 - 0s - loss: 0.1281 - accuracy: 0.9597 - val_loss: 0.1552 - val_accuracy: 0.9414 - 30ms/epoch - 5ms/step
Epoch 24/100
6/6 - 0s - loss: 0.1262 - accuracy: 0.9597 - val_loss: 0.1528 - val_accuracy: 0.9414 - 30ms/epoch - 5ms/step
Epoch 25/100
6/6 - 0s - loss: 0.1247 - accuracy: 0.9597 - val_loss: 0.1488 - val_accuracy: 0.9414 - 31ms/epoch - 5ms/step
Epoch 26/100
6/6 - 0s - loss: 0.1245 - accuracy: 0.9597 - val_loss: 0.1488 - val_accuracy: 0.9414 - 32ms/epoch - 5ms/step
Epoch 27/100
6/6 - 0s - loss: 0.1236 - accuracy: 0.9597 - val_loss: 0.1467 - val_accuracy: 0.9414 - 31ms/epoch - 5ms/step
Epoch 28/100
6/6 - 0s - loss: 0.1198 - accuracy: 0.9597 - val_loss: 0.1450 - val_accuracy: 0.9414 - 31ms/epoch - 5ms/step
Epoch 29/100
6/6 - 0s - loss: 0.1201 - accuracy: 0.9597 - val_loss: 0.1412 - val_accuracy: 0.9414 - 32ms/epoch - 5ms/step
Epoch 30/100
6/6 - 0s - loss: 0.1197 - accuracy: 0.9597 - val_loss: 0.1401 - val_accuracy: 0.9414 - 30ms/epoch - 5ms/step
Epoch 31/100
6/6 - 0s - loss: 0.1178 - accuracy: 0.9597 - val_loss: 0.1389 - val_accuracy: 0.9414 - 30ms/epoch - 5ms/step
Epoch 32/100
6/6 - 0s - loss: 0.1178 - accuracy: 0.9597 - val_loss: 0.1396 - val_accuracy: 0.9414 - 32ms/epoch - 5ms/step
Epoch 33/100
6/6 - 0s - loss: 0.1161 - accuracy: 0.9597 - val_loss: 0.1432 - val_accuracy: 0.9414 - 35ms/epoch - 6ms/step
Epoch 34/100
6/6 - 0s - loss: 0.1147 - accuracy: 0.9597 - val_loss: 0.1373 - val_accuracy: 0.9414 - 31ms/epoch - 5ms/step
Epoch 35/100
6/6 - 0s - loss: 0.1169 - accuracy: 0.9597 - val_loss: 0.1333 - val_accuracy: 0.9414 - 31ms/epoch - 5ms/step
Epoch 36/100
6/6 - 0s - loss: 0.1146 - accuracy: 0.9597 - val_loss: 0.1317 - val_accuracy: 0.9414 - 32ms/epoch - 5ms/step
Epoch 37/100
6/6 - 0s - loss: 0.1124 - accuracy: 0.9597 - val_loss: 0.1328 - val_accuracy: 0.9414 - 33ms/epoch - 6ms/step
Epoch 38/100
6/6 - 0s - loss: 0.1126 - accuracy: 0.9597 - val_loss: 0.1285 - val_accuracy: 0.9414 - 33ms/epoch - 5ms/step
Epoch 39/100
6/6 - 0s - loss: 0.1100 - accuracy: 0.9597 - val_loss: 0.1263 - val_accuracy: 0.9414 - 31ms/epoch - 5ms/step
Epoch 40/100
6/6 - 0s - loss: 0.1086 - accuracy: 0.9597 - val_loss: 0.1276 - val_accuracy: 0.9414 - 31ms/epoch - 5ms/step
Epoch 41/100
6/6 - 0s - loss: 0.1138 - accuracy: 0.9597 - val_loss: 0.1246 - val_accuracy: 0.9414 - 30ms/epoch - 5ms/step
Epoch 42/100
6/6 - 0s - loss: 0.1080 - accuracy: 0.9597 - val_loss: 0.1226 - val_accuracy: 0.9414 - 31ms/epoch - 5ms/step
Epoch 43/100
6/6 - 0s - loss: 0.1053 - accuracy: 0.9597 - val_loss: 0.1191 - val_accuracy: 0.9414 - 31ms/epoch - 5ms/step
Epoch 44/100
6/6 - 0s - loss: 0.1044 - accuracy: 0.9597 - val_loss: 0.1187 - val_accuracy: 0.9414 - 33ms/epoch - 5ms/step
Epoch 45/100
6/6 - 0s - loss: 0.1046 - accuracy: 0.9597 - val_loss: 0.1151 - val_accuracy: 0.9414 - 32ms/epoch - 5ms/step
Epoch 46/100
6/6 - 0s - loss: 0.1006 - accuracy: 0.9597 - val_loss: 0.1164 - val_accuracy: 0.9414 - 36ms/epoch - 6ms/step
Epoch 47/100
6/6 - 0s - loss: 0.1018 - accuracy: 0.9597 - val_loss: 0.1127 - val_accuracy: 0.9414 - 35ms/epoch - 6ms/step
Epoch 48/100
6/6 - 0s - loss: 0.1018 - accuracy: 0.9597 - val_loss: 0.1103 - val_accuracy: 0.9414 - 32ms/epoch - 5ms/step
Epoch 49/100
6/6 - 0s - loss: 0.1000 - accuracy: 0.9648 - val_loss: 0.1068 - val_accuracy: 0.9414 - 31ms/epoch - 5ms/step
Epoch 50/100
6/6 - 0s - loss: 0.0984 - accuracy: 0.9715 - val_loss: 0.1041 - val_accuracy: 0.9414 - 33ms/epoch - 6ms/step
Epoch 51/100
6/6 - 0s - loss: 0.0937 - accuracy: 0.9698 - val_loss: 0.1024 - val_accuracy: 0.9883 - 31ms/epoch - 5ms/step
Epoch 52/100
6/6 - 0s - loss: 0.0959 - accuracy: 0.9866 - val_loss: 0.1008 - val_accuracy: 0.9883 - 31ms/epoch - 5ms/step
Epoch 53/100
6/6 - 0s - loss: 0.0934 - accuracy: 0.9866 - val_loss: 0.0968 - val_accuracy: 0.9883 - 31ms/epoch - 5ms/step
Epoch 54/100
6/6 - 0s - loss: 0.0890 - accuracy: 0.9866 - val_loss: 0.0922 - val_accuracy: 0.9883 - 31ms/epoch - 5ms/step
Epoch 55/100
6/6 - 0s - loss: 0.0865 - accuracy: 0.9866 - val_loss: 0.0924 - val_accuracy: 0.9883 - 31ms/epoch - 5ms/step
Epoch 56/100
6/6 - 0s - loss: 0.0867 - accuracy: 0.9866 - val_loss: 0.0867 - val_accuracy: 0.9883 - 32ms/epoch - 5ms/step
Epoch 57/100
6/6 - 0s - loss: 0.0863 - accuracy: 0.9866 - val_loss: 0.0838 - val_accuracy: 0.9883 - 32ms/epoch - 5ms/step
Epoch 58/100
6/6 - 0s - loss: 0.0827 - accuracy: 0.9866 - val_loss: 0.0808 - val_accuracy: 0.9883 - 31ms/epoch - 5ms/step
Epoch 59/100
6/6 - 0s - loss: 0.0813 - accuracy: 0.9866 - val_loss: 0.0832 - val_accuracy: 0.9883 - 30ms/epoch - 5ms/step
Epoch 60/100
6/6 - 0s - loss: 0.0837 - accuracy: 0.9866 - val_loss: 0.0764 - val_accuracy: 0.9883 - 30ms/epoch - 5ms/step
Epoch 61/100
6/6 - 0s - loss: 0.0802 - accuracy: 0.9866 - val_loss: 0.0761 - val_accuracy: 0.9883 - 31ms/epoch - 5ms/step
Epoch 62/100
6/6 - 0s - loss: 0.0771 - accuracy: 0.9866 - val_loss: 0.0732 - val_accuracy: 0.9883 - 30ms/epoch - 5ms/step
Epoch 63/100
6/6 - 0s - loss: 0.0764 - accuracy: 0.9866 - val_loss: 0.0709 - val_accuracy: 0.9883 - 31ms/epoch - 5ms/step
Epoch 64/100
6/6 - 0s - loss: 0.0754 - accuracy: 0.9866 - val_loss: 0.0720 - val_accuracy: 0.9883 - 31ms/epoch - 5ms/step
Epoch 65/100
6/6 - 0s - loss: 0.0748 - accuracy: 0.9866 - val_loss: 0.0696 - val_accuracy: 0.9883 - 30ms/epoch - 5ms/step
Epoch 66/100
6/6 - 0s - loss: 0.0722 - accuracy: 0.9866 - val_loss: 0.0688 - val_accuracy: 0.9883 - 32ms/epoch - 5ms/step
Epoch 67/100
6/6 - 0s - loss: 0.0773 - accuracy: 0.9866 - val_loss: 0.0659 - val_accuracy: 0.9883 - 30ms/epoch - 5ms/step
Epoch 68/100
6/6 - 0s - loss: 0.0711 - accuracy: 0.9866 - val_loss: 0.0660 - val_accuracy: 0.9883 - 32ms/epoch - 5ms/step
Epoch 69/100
6/6 - 0s - loss: 0.0723 - accuracy: 0.9866 - val_loss: 0.0654 - val_accuracy: 0.9883 - 31ms/epoch - 5ms/step
Epoch 70/100
6/6 - 0s - loss: 0.0719 - accuracy: 0.9866 - val_loss: 0.0631 - val_accuracy: 0.9883 - 33ms/epoch - 5ms/step
Epoch 71/100
6/6 - 0s - loss: 0.0717 - accuracy: 0.9866 - val_loss: 0.0632 - val_accuracy: 0.9883 - 31ms/epoch - 5ms/step
Epoch 72/100
6/6 - 0s - loss: 0.0710 - accuracy: 0.9866 - val_loss: 0.0628 - val_accuracy: 0.9883 - 31ms/epoch - 5ms/step
Epoch 73/100
6/6 - 0s - loss: 0.0701 - accuracy: 0.9866 - val_loss: 0.0620 - val_accuracy: 0.9883 - 31ms/epoch - 5ms/step
Epoch 74/100
6/6 - 0s - loss: 0.0695 - accuracy: 0.9866 - val_loss: 0.0619 - val_accuracy: 0.9883 - 31ms/epoch - 5ms/step
Epoch 75/100
6/6 - 0s - loss: 0.0677 - accuracy: 0.9866 - val_loss: 0.0632 - val_accuracy: 0.9883 - 29ms/epoch - 5ms/step
Epoch 76/100
6/6 - 0s - loss: 0.0673 - accuracy: 0.9866 - val_loss: 0.0608 - val_accuracy: 0.9883 - 33ms/epoch - 6ms/step
Epoch 77/100
6/6 - 0s - loss: 0.0689 - accuracy: 0.9866 - val_loss: 0.0649 - val_accuracy: 0.9883 - 31ms/epoch - 5ms/step
Epoch 78/100
6/6 - 0s - loss: 0.0694 - accuracy: 0.9866 - val_loss: 0.0605 - val_accuracy: 0.9883 - 30ms/epoch - 5ms/step
Epoch 79/100
6/6 - 0s - loss: 0.0746 - accuracy: 0.9866 - val_loss: 0.0606 - val_accuracy: 0.9883 - 32ms/epoch - 5ms/step
Epoch 80/100
6/6 - 0s - loss: 0.0683 - accuracy: 0.9866 - val_loss: 0.0614 - val_accuracy: 0.9883 - 31ms/epoch - 5ms/step
Epoch 81/100
6/6 - 0s - loss: 0.0704 - accuracy: 0.9866 - val_loss: 0.0604 - val_accuracy: 0.9883 - 31ms/epoch - 5ms/step
Epoch 82/100
6/6 - 0s - loss: 0.0704 - accuracy: 0.9866 - val_loss: 0.0616 - val_accuracy: 0.9883 - 31ms/epoch - 5ms/step
Epoch 83/100
6/6 - 0s - loss: 0.0704 - accuracy: 0.9866 - val_loss: 0.0601 - val_accuracy: 0.9883 - 31ms/epoch - 5ms/step
Epoch 84/100
6/6 - 0s - loss: 0.0700 - accuracy: 0.9866 - val_loss: 0.0615 - val_accuracy: 0.9883 - 31ms/epoch - 5ms/step
Epoch 85/100
6/6 - 0s - loss: 0.0692 - accuracy: 0.9866 - val_loss: 0.0601 - val_accuracy: 0.9883 - 31ms/epoch - 5ms/step
Epoch 86/100
6/6 - 0s - loss: 0.0678 - accuracy: 0.9866 - val_loss: 0.0605 - val_accuracy: 0.9883 - 30ms/epoch - 5ms/step
Epoch 87/100
6/6 - 0s - loss: 0.0686 - accuracy: 0.9866 - val_loss: 0.0616 - val_accuracy: 0.9883 - 32ms/epoch - 5ms/step
Epoch 88/100
6/6 - 0s - loss: 0.0724 - accuracy: 0.9866 - val_loss: 0.0602 - val_accuracy: 0.9883 - 32ms/epoch - 5ms/step
Epoch 89/100
6/6 - 0s - loss: 0.0689 - accuracy: 0.9866 - val_loss: 0.0596 - val_accuracy: 0.9883 - 32ms/epoch - 5ms/step
Epoch 90/100
6/6 - 0s - loss: 0.0680 - accuracy: 0.9866 - val_loss: 0.0650 - val_accuracy: 0.9883 - 30ms/epoch - 5ms/step
Epoch 91/100
6/6 - 0s - loss: 0.0670 - accuracy: 0.9866 - val_loss: 0.0597 - val_accuracy: 0.9883 - 30ms/epoch - 5ms/step
Epoch 92/100
6/6 - 0s - loss: 0.0694 - accuracy: 0.9866 - val_loss: 0.0613 - val_accuracy: 0.9883 - 31ms/epoch - 5ms/step
Epoch 93/100
6/6 - 0s - loss: 0.0675 - accuracy: 0.9866 - val_loss: 0.0606 - val_accuracy: 0.9883 - 32ms/epoch - 5ms/step
Epoch 94/100
6/6 - 0s - loss: 0.0704 - accuracy: 0.9866 - val_loss: 0.0611 - val_accuracy: 0.9883 - 33ms/epoch - 5ms/step
Epoch 95/100
6/6 - 0s - loss: 0.0688 - accuracy: 0.9866 - val_loss: 0.0625 - val_accuracy: 0.9883 - 31ms/epoch - 5ms/step
Epoch 96/100
6/6 - 0s - loss: 0.0706 - accuracy: 0.9866 - val_loss: 0.0611 - val_accuracy: 0.9883 - 32ms/epoch - 5ms/step
Epoch 97/100
6/6 - 0s - loss: 0.0688 - accuracy: 0.9866 - val_loss: 0.0594 - val_accuracy: 0.9883 - 31ms/epoch - 5ms/step
Epoch 98/100
6/6 - 0s - loss: 0.0705 - accuracy: 0.9866 - val_loss: 0.0597 - val_accuracy: 0.9883 - 32ms/epoch - 5ms/step
Epoch 99/100
6/6 - 0s - loss: 0.0667 - accuracy: 0.9866 - val_loss: 0.0635 - val_accuracy: 0.9883 - 30ms/epoch - 5ms/step
Epoch 100/100
6/6 - 0s - loss: 0.0688 - accuracy: 0.9866 - val_loss: 0.0590 - val_accuracy: 0.9883 - 33ms/epoch - 6ms/step
深度神经网络模型训练完成！
8/8 - 0s - loss: 0.0590 - accuracy: 0.9883 - 26ms/epoch - 3ms/step
Test score: 0.059014659374952316
Test accuracy: 0.98828125
Keras weights file (<HDF5 file "variables.h5" (mode r+)>) saving:
...layers
......dense
.........vars
............0
............1
......dense_1
.........vars
............0
............1
......dense_2
.........vars
............0
............1
......dense_3
.........vars
............0
............1
...metrics
......mean
.........vars
............0
............1
......mean_metric_wrapper
.........vars
............0
............1
...vars
Keras model archive saving:
File Name                                             Modified             Size
config.json                                    2023-03-30 14:59:53         2622
metadata.json                                  2023-03-30 14:59:53           64
variables.h5                                   2023-03-30 14:59:53       113496
新模型保存成功
