成功连接数据库！
深度神经网络模型开始进行训练！
Epoch 1/100
6/6 - 1s - loss: 5.0006 - accuracy: 0.0000e+00 - val_loss: 4.4171 - val_accuracy: 0.9414 - 904ms/epoch - 151ms/step
Epoch 2/100
6/6 - 0s - loss: 3.9155 - accuracy: 0.9597 - val_loss: 3.1951 - val_accuracy: 0.9414 - 50ms/epoch - 8ms/step
Epoch 3/100
6/6 - 0s - loss: 2.5204 - accuracy: 0.9597 - val_loss: 1.6803 - val_accuracy: 0.9414 - 48ms/epoch - 8ms/step
Epoch 4/100
6/6 - 0s - loss: 1.0987 - accuracy: 0.9597 - val_loss: 0.6647 - val_accuracy: 0.9414 - 45ms/epoch - 8ms/step
Epoch 5/100
6/6 - 0s - loss: 0.4429 - accuracy: 0.9597 - val_loss: 0.4073 - val_accuracy: 0.9414 - 35ms/epoch - 6ms/step
Epoch 6/100
6/6 - 0s - loss: 0.2851 - accuracy: 0.9597 - val_loss: 0.3323 - val_accuracy: 0.9414 - 34ms/epoch - 6ms/step
Epoch 7/100
6/6 - 0s - loss: 0.2354 - accuracy: 0.9597 - val_loss: 0.3003 - val_accuracy: 0.9414 - 40ms/epoch - 7ms/step
Epoch 8/100
6/6 - 0s - loss: 0.2135 - accuracy: 0.9597 - val_loss: 0.2823 - val_accuracy: 0.9414 - 36ms/epoch - 6ms/step
Epoch 9/100
6/6 - 0s - loss: 0.2009 - accuracy: 0.9597 - val_loss: 0.2678 - val_accuracy: 0.9414 - 34ms/epoch - 6ms/step
Epoch 10/100
6/6 - 0s - loss: 0.1907 - accuracy: 0.9597 - val_loss: 0.2559 - val_accuracy: 0.9414 - 40ms/epoch - 7ms/step
Epoch 11/100
6/6 - 0s - loss: 0.1824 - accuracy: 0.9597 - val_loss: 0.2450 - val_accuracy: 0.9414 - 36ms/epoch - 6ms/step
Epoch 12/100
6/6 - 0s - loss: 0.1753 - accuracy: 0.9597 - val_loss: 0.2348 - val_accuracy: 0.9414 - 37ms/epoch - 6ms/step
Epoch 13/100
6/6 - 0s - loss: 0.1689 - accuracy: 0.9597 - val_loss: 0.2246 - val_accuracy: 0.9414 - 31ms/epoch - 5ms/step
Epoch 14/100
6/6 - 0s - loss: 0.1627 - accuracy: 0.9597 - val_loss: 0.2117 - val_accuracy: 0.9414 - 40ms/epoch - 7ms/step
Epoch 15/100
6/6 - 0s - loss: 0.1566 - accuracy: 0.9597 - val_loss: 0.1993 - val_accuracy: 0.9414 - 45ms/epoch - 8ms/step
Epoch 16/100
6/6 - 0s - loss: 0.1501 - accuracy: 0.9597 - val_loss: 0.1878 - val_accuracy: 0.9414 - 42ms/epoch - 7ms/step
Epoch 17/100
6/6 - 0s - loss: 0.1432 - accuracy: 0.9597 - val_loss: 0.1773 - val_accuracy: 0.9414 - 37ms/epoch - 6ms/step
Epoch 18/100
6/6 - 0s - loss: 0.1363 - accuracy: 0.9597 - val_loss: 0.1705 - val_accuracy: 0.9414 - 34ms/epoch - 6ms/step
Epoch 19/100
6/6 - 0s - loss: 0.1353 - accuracy: 0.9597 - val_loss: 0.1615 - val_accuracy: 0.9414 - 32ms/epoch - 5ms/step
Epoch 20/100
6/6 - 0s - loss: 0.1310 - accuracy: 0.9597 - val_loss: 0.1575 - val_accuracy: 0.9414 - 32ms/epoch - 5ms/step
Epoch 21/100
6/6 - 0s - loss: 0.1263 - accuracy: 0.9597 - val_loss: 0.1545 - val_accuracy: 0.9414 - 35ms/epoch - 6ms/step
Epoch 22/100
6/6 - 0s - loss: 0.1254 - accuracy: 0.9597 - val_loss: 0.1541 - val_accuracy: 0.9414 - 31ms/epoch - 5ms/step
Epoch 23/100
6/6 - 0s - loss: 0.1220 - accuracy: 0.9597 - val_loss: 0.1512 - val_accuracy: 0.9414 - 30ms/epoch - 5ms/step
Epoch 24/100
6/6 - 0s - loss: 0.1260 - accuracy: 0.9597 - val_loss: 0.1485 - val_accuracy: 0.9414 - 35ms/epoch - 6ms/step
Epoch 25/100
6/6 - 0s - loss: 0.1224 - accuracy: 0.9597 - val_loss: 0.1489 - val_accuracy: 0.9414 - 30ms/epoch - 5ms/step
Epoch 26/100
6/6 - 0s - loss: 0.1212 - accuracy: 0.9597 - val_loss: 0.1467 - val_accuracy: 0.9414 - 29ms/epoch - 5ms/step
Epoch 27/100
6/6 - 0s - loss: 0.1210 - accuracy: 0.9597 - val_loss: 0.1467 - val_accuracy: 0.9414 - 32ms/epoch - 5ms/step
Epoch 28/100
6/6 - 0s - loss: 0.1236 - accuracy: 0.9597 - val_loss: 0.1417 - val_accuracy: 0.9414 - 35ms/epoch - 6ms/step
Epoch 29/100
6/6 - 0s - loss: 0.1193 - accuracy: 0.9597 - val_loss: 0.1411 - val_accuracy: 0.9414 - 31ms/epoch - 5ms/step
Epoch 30/100
6/6 - 0s - loss: 0.1187 - accuracy: 0.9597 - val_loss: 0.1460 - val_accuracy: 0.9414 - 32ms/epoch - 5ms/step
Epoch 31/100
6/6 - 0s - loss: 0.1193 - accuracy: 0.9597 - val_loss: 0.1380 - val_accuracy: 0.9414 - 37ms/epoch - 6ms/step
Epoch 32/100
6/6 - 0s - loss: 0.1182 - accuracy: 0.9597 - val_loss: 0.1379 - val_accuracy: 0.9414 - 33ms/epoch - 6ms/step
Epoch 33/100
6/6 - 0s - loss: 0.1160 - accuracy: 0.9597 - val_loss: 0.1362 - val_accuracy: 0.9414 - 36ms/epoch - 6ms/step
Epoch 34/100
6/6 - 0s - loss: 0.1178 - accuracy: 0.9597 - val_loss: 0.1386 - val_accuracy: 0.9414 - 43ms/epoch - 7ms/step
Epoch 35/100
6/6 - 0s - loss: 0.1135 - accuracy: 0.9597 - val_loss: 0.1344 - val_accuracy: 0.9414 - 38ms/epoch - 6ms/step
Epoch 36/100
6/6 - 0s - loss: 0.1148 - accuracy: 0.9597 - val_loss: 0.1334 - val_accuracy: 0.9414 - 32ms/epoch - 5ms/step
Epoch 37/100
6/6 - 0s - loss: 0.1110 - accuracy: 0.9597 - val_loss: 0.1337 - val_accuracy: 0.9414 - 38ms/epoch - 6ms/step
Epoch 38/100
6/6 - 0s - loss: 0.1153 - accuracy: 0.9597 - val_loss: 0.1314 - val_accuracy: 0.9414 - 37ms/epoch - 6ms/step
Epoch 39/100
6/6 - 0s - loss: 0.1121 - accuracy: 0.9597 - val_loss: 0.1301 - val_accuracy: 0.9414 - 34ms/epoch - 6ms/step
Epoch 40/100
6/6 - 0s - loss: 0.1097 - accuracy: 0.9597 - val_loss: 0.1294 - val_accuracy: 0.9414 - 38ms/epoch - 6ms/step
Epoch 41/100
6/6 - 0s - loss: 0.1114 - accuracy: 0.9597 - val_loss: 0.1282 - val_accuracy: 0.9414 - 35ms/epoch - 6ms/step
Epoch 42/100
6/6 - 0s - loss: 0.1065 - accuracy: 0.9597 - val_loss: 0.1318 - val_accuracy: 0.9414 - 33ms/epoch - 6ms/step
Epoch 43/100
6/6 - 0s - loss: 0.1098 - accuracy: 0.9597 - val_loss: 0.1251 - val_accuracy: 0.9414 - 39ms/epoch - 6ms/step
Epoch 44/100
6/6 - 0s - loss: 0.1077 - accuracy: 0.9597 - val_loss: 0.1246 - val_accuracy: 0.9414 - 36ms/epoch - 6ms/step
Epoch 45/100
6/6 - 0s - loss: 0.1056 - accuracy: 0.9597 - val_loss: 0.1266 - val_accuracy: 0.9414 - 31ms/epoch - 5ms/step
Epoch 46/100
6/6 - 0s - loss: 0.1058 - accuracy: 0.9597 - val_loss: 0.1197 - val_accuracy: 0.9414 - 33ms/epoch - 5ms/step
Epoch 47/100
6/6 - 0s - loss: 0.1043 - accuracy: 0.9597 - val_loss: 0.1165 - val_accuracy: 0.9414 - 36ms/epoch - 6ms/step
Epoch 48/100
6/6 - 0s - loss: 0.1046 - accuracy: 0.9597 - val_loss: 0.1164 - val_accuracy: 0.9414 - 33ms/epoch - 6ms/step
Epoch 49/100
6/6 - 0s - loss: 0.1043 - accuracy: 0.9597 - val_loss: 0.1150 - val_accuracy: 0.9414 - 32ms/epoch - 5ms/step
Epoch 50/100
6/6 - 0s - loss: 0.1003 - accuracy: 0.9597 - val_loss: 0.1138 - val_accuracy: 0.9414 - 36ms/epoch - 6ms/step
Epoch 51/100
6/6 - 0s - loss: 0.0995 - accuracy: 0.9597 - val_loss: 0.1121 - val_accuracy: 0.9414 - 36ms/epoch - 6ms/step
Epoch 52/100
6/6 - 0s - loss: 0.1004 - accuracy: 0.9597 - val_loss: 0.1095 - val_accuracy: 0.9414 - 35ms/epoch - 6ms/step
Epoch 53/100
6/6 - 0s - loss: 0.0987 - accuracy: 0.9648 - val_loss: 0.1085 - val_accuracy: 0.9414 - 37ms/epoch - 6ms/step
Epoch 54/100
6/6 - 0s - loss: 0.0976 - accuracy: 0.9631 - val_loss: 0.1062 - val_accuracy: 0.9883 - 37ms/epoch - 6ms/step
Epoch 55/100
6/6 - 0s - loss: 0.0968 - accuracy: 0.9815 - val_loss: 0.1049 - val_accuracy: 0.9883 - 37ms/epoch - 6ms/step
Epoch 56/100
6/6 - 0s - loss: 0.0942 - accuracy: 0.9866 - val_loss: 0.1032 - val_accuracy: 0.9883 - 37ms/epoch - 6ms/step
Epoch 57/100
6/6 - 0s - loss: 0.0982 - accuracy: 0.9866 - val_loss: 0.1031 - val_accuracy: 0.9883 - 35ms/epoch - 6ms/step
Epoch 58/100
6/6 - 0s - loss: 0.0935 - accuracy: 0.9866 - val_loss: 0.0989 - val_accuracy: 0.9883 - 33ms/epoch - 5ms/step
Epoch 59/100
6/6 - 0s - loss: 0.0905 - accuracy: 0.9866 - val_loss: 0.0970 - val_accuracy: 0.9883 - 34ms/epoch - 6ms/step
Epoch 60/100
6/6 - 0s - loss: 0.0910 - accuracy: 0.9866 - val_loss: 0.0948 - val_accuracy: 0.9883 - 34ms/epoch - 6ms/step
Epoch 61/100
6/6 - 0s - loss: 0.0891 - accuracy: 0.9866 - val_loss: 0.0941 - val_accuracy: 0.9883 - 33ms/epoch - 6ms/step
Epoch 62/100
6/6 - 0s - loss: 0.0877 - accuracy: 0.9866 - val_loss: 0.0918 - val_accuracy: 0.9883 - 37ms/epoch - 6ms/step
Epoch 63/100
6/6 - 0s - loss: 0.0855 - accuracy: 0.9866 - val_loss: 0.0886 - val_accuracy: 0.9883 - 34ms/epoch - 6ms/step
Epoch 64/100
6/6 - 0s - loss: 0.0882 - accuracy: 0.9866 - val_loss: 0.0872 - val_accuracy: 0.9883 - 34ms/epoch - 6ms/step
Epoch 65/100
6/6 - 0s - loss: 0.0852 - accuracy: 0.9866 - val_loss: 0.0861 - val_accuracy: 0.9883 - 34ms/epoch - 6ms/step
Epoch 66/100
6/6 - 0s - loss: 0.0827 - accuracy: 0.9866 - val_loss: 0.0821 - val_accuracy: 0.9883 - 35ms/epoch - 6ms/step
Epoch 67/100
6/6 - 0s - loss: 0.0799 - accuracy: 0.9866 - val_loss: 0.0871 - val_accuracy: 0.9883 - 33ms/epoch - 5ms/step
Epoch 68/100
6/6 - 0s - loss: 0.0818 - accuracy: 0.9866 - val_loss: 0.0794 - val_accuracy: 0.9883 - 33ms/epoch - 6ms/step
Epoch 69/100
6/6 - 0s - loss: 0.0796 - accuracy: 0.9866 - val_loss: 0.0760 - val_accuracy: 0.9883 - 33ms/epoch - 6ms/step
Epoch 70/100
6/6 - 0s - loss: 0.0810 - accuracy: 0.9866 - val_loss: 0.0756 - val_accuracy: 0.9883 - 33ms/epoch - 5ms/step
Epoch 71/100
6/6 - 0s - loss: 0.0770 - accuracy: 0.9866 - val_loss: 0.0733 - val_accuracy: 0.9883 - 34ms/epoch - 6ms/step
Epoch 72/100
6/6 - 0s - loss: 0.0764 - accuracy: 0.9866 - val_loss: 0.0720 - val_accuracy: 0.9883 - 35ms/epoch - 6ms/step
Epoch 73/100
6/6 - 0s - loss: 0.0773 - accuracy: 0.9866 - val_loss: 0.0726 - val_accuracy: 0.9883 - 35ms/epoch - 6ms/step
Epoch 74/100
6/6 - 0s - loss: 0.0788 - accuracy: 0.9866 - val_loss: 0.0696 - val_accuracy: 0.9883 - 34ms/epoch - 6ms/step
Epoch 75/100
6/6 - 0s - loss: 0.0764 - accuracy: 0.9866 - val_loss: 0.0687 - val_accuracy: 0.9883 - 38ms/epoch - 6ms/step
Epoch 76/100
6/6 - 0s - loss: 0.0723 - accuracy: 0.9866 - val_loss: 0.0678 - val_accuracy: 0.9883 - 35ms/epoch - 6ms/step
Epoch 77/100
6/6 - 0s - loss: 0.0718 - accuracy: 0.9866 - val_loss: 0.0681 - val_accuracy: 0.9883 - 31ms/epoch - 5ms/step
Epoch 78/100
6/6 - 0s - loss: 0.0732 - accuracy: 0.9866 - val_loss: 0.0679 - val_accuracy: 0.9883 - 32ms/epoch - 5ms/step
Epoch 79/100
6/6 - 0s - loss: 0.0715 - accuracy: 0.9866 - val_loss: 0.0713 - val_accuracy: 0.9883 - 31ms/epoch - 5ms/step
Epoch 80/100
6/6 - 0s - loss: 0.0776 - accuracy: 0.9866 - val_loss: 0.0646 - val_accuracy: 0.9883 - 33ms/epoch - 5ms/step
Epoch 81/100
6/6 - 0s - loss: 0.0716 - accuracy: 0.9866 - val_loss: 0.0654 - val_accuracy: 0.9883 - 31ms/epoch - 5ms/step
Epoch 82/100
6/6 - 0s - loss: 0.0722 - accuracy: 0.9866 - val_loss: 0.0637 - val_accuracy: 0.9883 - 31ms/epoch - 5ms/step
Epoch 83/100
6/6 - 0s - loss: 0.0693 - accuracy: 0.9866 - val_loss: 0.0631 - val_accuracy: 0.9883 - 35ms/epoch - 6ms/step
Epoch 84/100
6/6 - 0s - loss: 0.0699 - accuracy: 0.9866 - val_loss: 0.0635 - val_accuracy: 0.9883 - 34ms/epoch - 6ms/step
Epoch 85/100
6/6 - 0s - loss: 0.0725 - accuracy: 0.9866 - val_loss: 0.0625 - val_accuracy: 0.9883 - 33ms/epoch - 5ms/step
Epoch 86/100
6/6 - 0s - loss: 0.0706 - accuracy: 0.9866 - val_loss: 0.0623 - val_accuracy: 0.9883 - 33ms/epoch - 5ms/step
Epoch 87/100
6/6 - 0s - loss: 0.0677 - accuracy: 0.9866 - val_loss: 0.0650 - val_accuracy: 0.9883 - 32ms/epoch - 5ms/step
Epoch 88/100
6/6 - 0s - loss: 0.0693 - accuracy: 0.9866 - val_loss: 0.0613 - val_accuracy: 0.9883 - 35ms/epoch - 6ms/step
Epoch 89/100
6/6 - 0s - loss: 0.0723 - accuracy: 0.9866 - val_loss: 0.0612 - val_accuracy: 0.9883 - 34ms/epoch - 6ms/step
Epoch 90/100
6/6 - 0s - loss: 0.0686 - accuracy: 0.9866 - val_loss: 0.0623 - val_accuracy: 0.9883 - 37ms/epoch - 6ms/step
Epoch 91/100
6/6 - 0s - loss: 0.0695 - accuracy: 0.9866 - val_loss: 0.0608 - val_accuracy: 0.9883 - 35ms/epoch - 6ms/step
Epoch 92/100
6/6 - 0s - loss: 0.0709 - accuracy: 0.9866 - val_loss: 0.0626 - val_accuracy: 0.9883 - 33ms/epoch - 6ms/step
Epoch 93/100
6/6 - 0s - loss: 0.0700 - accuracy: 0.9866 - val_loss: 0.0604 - val_accuracy: 0.9883 - 32ms/epoch - 5ms/step
Epoch 94/100
6/6 - 0s - loss: 0.0698 - accuracy: 0.9866 - val_loss: 0.0603 - val_accuracy: 0.9883 - 32ms/epoch - 5ms/step
Epoch 95/100
6/6 - 0s - loss: 0.0701 - accuracy: 0.9866 - val_loss: 0.0612 - val_accuracy: 0.9883 - 31ms/epoch - 5ms/step
Epoch 96/100
6/6 - 0s - loss: 0.0689 - accuracy: 0.9866 - val_loss: 0.0600 - val_accuracy: 0.9883 - 31ms/epoch - 5ms/step
Epoch 97/100
6/6 - 0s - loss: 0.0672 - accuracy: 0.9866 - val_loss: 0.0618 - val_accuracy: 0.9883 - 32ms/epoch - 5ms/step
Epoch 98/100
6/6 - 0s - loss: 0.0698 - accuracy: 0.9866 - val_loss: 0.0598 - val_accuracy: 0.9883 - 31ms/epoch - 5ms/step
Epoch 99/100
6/6 - 0s - loss: 0.0692 - accuracy: 0.9866 - val_loss: 0.0598 - val_accuracy: 0.9883 - 32ms/epoch - 5ms/step
Epoch 100/100
6/6 - 0s - loss: 0.0703 - accuracy: 0.9866 - val_loss: 0.0599 - val_accuracy: 0.9883 - 33ms/epoch - 5ms/step
深度神经网络模型训练完成！
8/8 - 0s - loss: 0.0599 - accuracy: 0.9883 - 26ms/epoch - 3ms/step
Test score: 0.059879809617996216
Test accuracy: 0.98828125
Keras weights file (<HDF5 file "variables.h5" (mode r+)>) saving:
...layers
......dense
.........vars
............0
............1
......dense_1
.........vars
............0
............1
......dense_2
.........vars
............0
............1
......dense_3
.........vars
............0
............1
...metrics
......mean
.........vars
............0
............1
......mean_metric_wrapper
.........vars
............0
............1
...vars
Keras model archive saving:
File Name                                             Modified             Size
config.json                                    2023-03-30 15:01:14         2622
metadata.json                                  2023-03-30 15:01:14           64
variables.h5                                   2023-03-30 15:01:14       113496
新模型保存成功
