成功连接数据库！
深度神经网络模型开始进行训练！
Epoch 1/100
6/6 - 1s - loss: 4.7219 - accuracy: 0.4748 - val_loss: 4.0856 - val_accuracy: 0.9414 - 646ms/epoch - 108ms/step
Epoch 2/100
6/6 - 0s - loss: 3.5068 - accuracy: 0.9597 - val_loss: 2.7080 - val_accuracy: 0.9414 - 42ms/epoch - 7ms/step
Epoch 3/100
6/6 - 0s - loss: 2.0129 - accuracy: 0.9597 - val_loss: 1.2410 - val_accuracy: 0.9414 - 37ms/epoch - 6ms/step
Epoch 4/100
6/6 - 0s - loss: 0.8022 - accuracy: 0.9597 - val_loss: 0.5539 - val_accuracy: 0.9414 - 37ms/epoch - 6ms/step
Epoch 5/100
6/6 - 0s - loss: 0.3801 - accuracy: 0.9597 - val_loss: 0.3817 - val_accuracy: 0.9414 - 40ms/epoch - 7ms/step
Epoch 6/100
6/6 - 0s - loss: 0.2717 - accuracy: 0.9597 - val_loss: 0.3245 - val_accuracy: 0.9414 - 42ms/epoch - 7ms/step
Epoch 7/100
6/6 - 0s - loss: 0.2316 - accuracy: 0.9597 - val_loss: 0.2961 - val_accuracy: 0.9414 - 48ms/epoch - 8ms/step
Epoch 8/100
6/6 - 0s - loss: 0.2116 - accuracy: 0.9597 - val_loss: 0.2785 - val_accuracy: 0.9414 - 40ms/epoch - 7ms/step
Epoch 9/100
6/6 - 0s - loss: 0.1994 - accuracy: 0.9597 - val_loss: 0.2654 - val_accuracy: 0.9414 - 42ms/epoch - 7ms/step
Epoch 10/100
6/6 - 0s - loss: 0.1906 - accuracy: 0.9597 - val_loss: 0.2546 - val_accuracy: 0.9414 - 43ms/epoch - 7ms/step
Epoch 11/100
6/6 - 0s - loss: 0.1829 - accuracy: 0.9597 - val_loss: 0.2452 - val_accuracy: 0.9414 - 38ms/epoch - 6ms/step
Epoch 12/100
6/6 - 0s - loss: 0.1760 - accuracy: 0.9597 - val_loss: 0.2350 - val_accuracy: 0.9414 - 36ms/epoch - 6ms/step
Epoch 13/100
6/6 - 0s - loss: 0.1713 - accuracy: 0.9597 - val_loss: 0.2251 - val_accuracy: 0.9414 - 42ms/epoch - 7ms/step
Epoch 14/100
6/6 - 0s - loss: 0.1637 - accuracy: 0.9597 - val_loss: 0.2142 - val_accuracy: 0.9414 - 40ms/epoch - 7ms/step
Epoch 15/100
6/6 - 0s - loss: 0.1577 - accuracy: 0.9597 - val_loss: 0.2017 - val_accuracy: 0.9414 - 43ms/epoch - 7ms/step
Epoch 16/100
6/6 - 0s - loss: 0.1503 - accuracy: 0.9597 - val_loss: 0.1887 - val_accuracy: 0.9414 - 46ms/epoch - 8ms/step
Epoch 17/100
6/6 - 0s - loss: 0.1437 - accuracy: 0.9597 - val_loss: 0.1770 - val_accuracy: 0.9414 - 49ms/epoch - 8ms/step
Epoch 18/100
6/6 - 0s - loss: 0.1377 - accuracy: 0.9597 - val_loss: 0.1708 - val_accuracy: 0.9414 - 42ms/epoch - 7ms/step
Epoch 19/100
6/6 - 0s - loss: 0.1324 - accuracy: 0.9597 - val_loss: 0.1627 - val_accuracy: 0.9414 - 41ms/epoch - 7ms/step
Epoch 20/100
6/6 - 0s - loss: 0.1323 - accuracy: 0.9597 - val_loss: 0.1576 - val_accuracy: 0.9414 - 40ms/epoch - 7ms/step
Epoch 21/100
6/6 - 0s - loss: 0.1277 - accuracy: 0.9597 - val_loss: 0.1541 - val_accuracy: 0.9414 - 42ms/epoch - 7ms/step
Epoch 22/100
6/6 - 0s - loss: 0.1251 - accuracy: 0.9597 - val_loss: 0.1523 - val_accuracy: 0.9414 - 41ms/epoch - 7ms/step
Epoch 23/100
6/6 - 0s - loss: 0.1285 - accuracy: 0.9597 - val_loss: 0.1491 - val_accuracy: 0.9414 - 38ms/epoch - 6ms/step
Epoch 24/100
6/6 - 0s - loss: 0.1216 - accuracy: 0.9597 - val_loss: 0.1441 - val_accuracy: 0.9414 - 40ms/epoch - 7ms/step
Epoch 25/100
6/6 - 0s - loss: 0.1205 - accuracy: 0.9597 - val_loss: 0.1449 - val_accuracy: 0.9414 - 42ms/epoch - 7ms/step
Epoch 26/100
6/6 - 0s - loss: 0.1194 - accuracy: 0.9597 - val_loss: 0.1411 - val_accuracy: 0.9414 - 40ms/epoch - 7ms/step
Epoch 27/100
6/6 - 0s - loss: 0.1182 - accuracy: 0.9597 - val_loss: 0.1409 - val_accuracy: 0.9414 - 39ms/epoch - 7ms/step
Epoch 28/100
6/6 - 0s - loss: 0.1173 - accuracy: 0.9597 - val_loss: 0.1372 - val_accuracy: 0.9414 - 37ms/epoch - 6ms/step
Epoch 29/100
6/6 - 0s - loss: 0.1163 - accuracy: 0.9597 - val_loss: 0.1349 - val_accuracy: 0.9414 - 40ms/epoch - 7ms/step
Epoch 30/100
6/6 - 0s - loss: 0.1144 - accuracy: 0.9597 - val_loss: 0.1303 - val_accuracy: 0.9414 - 39ms/epoch - 6ms/step
Epoch 31/100
6/6 - 0s - loss: 0.1126 - accuracy: 0.9597 - val_loss: 0.1290 - val_accuracy: 0.9414 - 45ms/epoch - 8ms/step
Epoch 32/100
6/6 - 0s - loss: 0.1101 - accuracy: 0.9597 - val_loss: 0.1315 - val_accuracy: 0.9414 - 37ms/epoch - 6ms/step
Epoch 33/100
6/6 - 0s - loss: 0.1113 - accuracy: 0.9597 - val_loss: 0.1260 - val_accuracy: 0.9414 - 41ms/epoch - 7ms/step
Epoch 34/100
6/6 - 0s - loss: 0.1076 - accuracy: 0.9597 - val_loss: 0.1221 - val_accuracy: 0.9414 - 40ms/epoch - 7ms/step
Epoch 35/100
6/6 - 0s - loss: 0.1057 - accuracy: 0.9597 - val_loss: 0.1175 - val_accuracy: 0.9414 - 45ms/epoch - 7ms/step
Epoch 36/100
6/6 - 0s - loss: 0.1051 - accuracy: 0.9597 - val_loss: 0.1167 - val_accuracy: 0.9414 - 41ms/epoch - 7ms/step
Epoch 37/100
6/6 - 0s - loss: 0.1022 - accuracy: 0.9597 - val_loss: 0.1133 - val_accuracy: 0.9414 - 41ms/epoch - 7ms/step
Epoch 38/100
6/6 - 0s - loss: 0.1008 - accuracy: 0.9597 - val_loss: 0.1082 - val_accuracy: 0.9414 - 40ms/epoch - 7ms/step
Epoch 39/100
6/6 - 0s - loss: 0.1001 - accuracy: 0.9664 - val_loss: 0.1071 - val_accuracy: 0.9414 - 37ms/epoch - 6ms/step
Epoch 40/100
6/6 - 0s - loss: 0.0983 - accuracy: 0.9664 - val_loss: 0.1061 - val_accuracy: 0.9414 - 37ms/epoch - 6ms/step
Epoch 41/100
6/6 - 0s - loss: 0.0981 - accuracy: 0.9782 - val_loss: 0.1000 - val_accuracy: 0.9883 - 41ms/epoch - 7ms/step
Epoch 42/100
6/6 - 0s - loss: 0.0937 - accuracy: 0.9866 - val_loss: 0.0993 - val_accuracy: 0.9883 - 37ms/epoch - 6ms/step
Epoch 43/100
6/6 - 0s - loss: 0.0905 - accuracy: 0.9866 - val_loss: 0.0929 - val_accuracy: 0.9883 - 38ms/epoch - 6ms/step
Epoch 44/100
6/6 - 0s - loss: 0.0877 - accuracy: 0.9866 - val_loss: 0.0915 - val_accuracy: 0.9883 - 39ms/epoch - 7ms/step
Epoch 45/100
6/6 - 0s - loss: 0.0878 - accuracy: 0.9866 - val_loss: 0.0887 - val_accuracy: 0.9883 - 47ms/epoch - 8ms/step
Epoch 46/100
6/6 - 0s - loss: 0.0880 - accuracy: 0.9866 - val_loss: 0.0843 - val_accuracy: 0.9883 - 44ms/epoch - 7ms/step
Epoch 47/100
6/6 - 0s - loss: 0.0853 - accuracy: 0.9866 - val_loss: 0.0823 - val_accuracy: 0.9883 - 35ms/epoch - 6ms/step
Epoch 48/100
6/6 - 0s - loss: 0.0812 - accuracy: 0.9866 - val_loss: 0.0820 - val_accuracy: 0.9883 - 36ms/epoch - 6ms/step
Epoch 49/100
6/6 - 0s - loss: 0.0840 - accuracy: 0.9866 - val_loss: 0.0794 - val_accuracy: 0.9883 - 38ms/epoch - 6ms/step
Epoch 50/100
6/6 - 0s - loss: 0.0795 - accuracy: 0.9866 - val_loss: 0.0756 - val_accuracy: 0.9883 - 37ms/epoch - 6ms/step
Epoch 51/100
6/6 - 0s - loss: 0.0772 - accuracy: 0.9866 - val_loss: 0.0744 - val_accuracy: 0.9883 - 38ms/epoch - 6ms/step
Epoch 52/100
6/6 - 0s - loss: 0.0780 - accuracy: 0.9866 - val_loss: 0.0715 - val_accuracy: 0.9883 - 36ms/epoch - 6ms/step
Epoch 53/100
6/6 - 0s - loss: 0.0759 - accuracy: 0.9866 - val_loss: 0.0707 - val_accuracy: 0.9883 - 38ms/epoch - 6ms/step
Epoch 54/100
6/6 - 0s - loss: 0.0768 - accuracy: 0.9866 - val_loss: 0.0686 - val_accuracy: 0.9883 - 39ms/epoch - 6ms/step
Epoch 55/100
6/6 - 0s - loss: 0.0761 - accuracy: 0.9866 - val_loss: 0.0675 - val_accuracy: 0.9883 - 37ms/epoch - 6ms/step
Epoch 56/100
6/6 - 0s - loss: 0.0725 - accuracy: 0.9866 - val_loss: 0.0672 - val_accuracy: 0.9883 - 37ms/epoch - 6ms/step
Epoch 57/100
6/6 - 0s - loss: 0.0718 - accuracy: 0.9866 - val_loss: 0.0662 - val_accuracy: 0.9883 - 41ms/epoch - 7ms/step
Epoch 58/100
6/6 - 0s - loss: 0.0718 - accuracy: 0.9866 - val_loss: 0.0652 - val_accuracy: 0.9883 - 37ms/epoch - 6ms/step
Epoch 59/100
6/6 - 0s - loss: 0.0732 - accuracy: 0.9866 - val_loss: 0.0641 - val_accuracy: 0.9883 - 43ms/epoch - 7ms/step
Epoch 60/100
6/6 - 0s - loss: 0.0706 - accuracy: 0.9866 - val_loss: 0.0632 - val_accuracy: 0.9883 - 38ms/epoch - 6ms/step
Epoch 61/100
6/6 - 0s - loss: 0.0725 - accuracy: 0.9866 - val_loss: 0.0631 - val_accuracy: 0.9883 - 44ms/epoch - 7ms/step
Epoch 62/100
6/6 - 0s - loss: 0.0724 - accuracy: 0.9866 - val_loss: 0.0634 - val_accuracy: 0.9883 - 38ms/epoch - 6ms/step
Epoch 63/100
6/6 - 0s - loss: 0.0727 - accuracy: 0.9866 - val_loss: 0.0619 - val_accuracy: 0.9883 - 40ms/epoch - 7ms/step
Epoch 64/100
6/6 - 0s - loss: 0.0698 - accuracy: 0.9866 - val_loss: 0.0623 - val_accuracy: 0.9883 - 37ms/epoch - 6ms/step
Epoch 65/100
6/6 - 0s - loss: 0.0703 - accuracy: 0.9866 - val_loss: 0.0615 - val_accuracy: 0.9883 - 38ms/epoch - 6ms/step
Epoch 66/100
6/6 - 0s - loss: 0.0694 - accuracy: 0.9866 - val_loss: 0.0620 - val_accuracy: 0.9883 - 40ms/epoch - 7ms/step
Epoch 67/100
6/6 - 0s - loss: 0.0703 - accuracy: 0.9866 - val_loss: 0.0617 - val_accuracy: 0.9883 - 39ms/epoch - 7ms/step
Epoch 68/100
6/6 - 0s - loss: 0.0717 - accuracy: 0.9866 - val_loss: 0.0608 - val_accuracy: 0.9883 - 43ms/epoch - 7ms/step
Epoch 69/100
6/6 - 0s - loss: 0.0676 - accuracy: 0.9866 - val_loss: 0.0619 - val_accuracy: 0.9883 - 38ms/epoch - 6ms/step
Epoch 70/100
6/6 - 0s - loss: 0.0695 - accuracy: 0.9866 - val_loss: 0.0603 - val_accuracy: 0.9883 - 41ms/epoch - 7ms/step
Epoch 71/100
6/6 - 0s - loss: 0.0686 - accuracy: 0.9866 - val_loss: 0.0602 - val_accuracy: 0.9883 - 39ms/epoch - 6ms/step
Epoch 72/100
6/6 - 0s - loss: 0.0692 - accuracy: 0.9866 - val_loss: 0.0601 - val_accuracy: 0.9883 - 38ms/epoch - 6ms/step
Epoch 73/100
6/6 - 0s - loss: 0.0667 - accuracy: 0.9866 - val_loss: 0.0625 - val_accuracy: 0.9883 - 42ms/epoch - 7ms/step
Epoch 74/100
6/6 - 0s - loss: 0.0733 - accuracy: 0.9866 - val_loss: 0.0600 - val_accuracy: 0.9883 - 38ms/epoch - 6ms/step
Epoch 75/100
6/6 - 0s - loss: 0.0670 - accuracy: 0.9866 - val_loss: 0.0612 - val_accuracy: 0.9883 - 42ms/epoch - 7ms/step
Epoch 76/100
6/6 - 0s - loss: 0.0690 - accuracy: 0.9866 - val_loss: 0.0608 - val_accuracy: 0.9883 - 38ms/epoch - 6ms/step
Epoch 77/100
6/6 - 0s - loss: 0.0672 - accuracy: 0.9866 - val_loss: 0.0595 - val_accuracy: 0.9883 - 39ms/epoch - 6ms/step
Epoch 78/100
6/6 - 0s - loss: 0.0681 - accuracy: 0.9866 - val_loss: 0.0611 - val_accuracy: 0.9883 - 35ms/epoch - 6ms/step
Epoch 79/100
6/6 - 0s - loss: 0.0687 - accuracy: 0.9866 - val_loss: 0.0610 - val_accuracy: 0.9883 - 37ms/epoch - 6ms/step
Epoch 80/100
6/6 - 0s - loss: 0.0683 - accuracy: 0.9866 - val_loss: 0.0615 - val_accuracy: 0.9883 - 50ms/epoch - 8ms/step
Epoch 81/100
6/6 - 0s - loss: 0.0698 - accuracy: 0.9866 - val_loss: 0.0593 - val_accuracy: 0.9883 - 38ms/epoch - 6ms/step
Epoch 82/100
6/6 - 0s - loss: 0.0694 - accuracy: 0.9866 - val_loss: 0.0594 - val_accuracy: 0.9883 - 39ms/epoch - 7ms/step
Epoch 83/100
6/6 - 0s - loss: 0.0663 - accuracy: 0.9866 - val_loss: 0.0595 - val_accuracy: 0.9883 - 40ms/epoch - 7ms/step
Epoch 84/100
6/6 - 0s - loss: 0.0671 - accuracy: 0.9866 - val_loss: 0.0591 - val_accuracy: 0.9883 - 38ms/epoch - 6ms/step
Epoch 85/100
6/6 - 0s - loss: 0.0664 - accuracy: 0.9866 - val_loss: 0.0590 - val_accuracy: 0.9883 - 37ms/epoch - 6ms/step
Epoch 86/100
6/6 - 0s - loss: 0.0675 - accuracy: 0.9866 - val_loss: 0.0590 - val_accuracy: 0.9883 - 43ms/epoch - 7ms/step
Epoch 87/100
6/6 - 0s - loss: 0.0686 - accuracy: 0.9866 - val_loss: 0.0662 - val_accuracy: 0.9883 - 39ms/epoch - 7ms/step
Epoch 88/100
6/6 - 0s - loss: 0.0705 - accuracy: 0.9866 - val_loss: 0.0591 - val_accuracy: 0.9883 - 37ms/epoch - 6ms/step
Epoch 89/100
6/6 - 0s - loss: 0.0662 - accuracy: 0.9866 - val_loss: 0.0608 - val_accuracy: 0.9883 - 40ms/epoch - 7ms/step
Epoch 90/100
6/6 - 0s - loss: 0.0695 - accuracy: 0.9866 - val_loss: 0.0596 - val_accuracy: 0.9883 - 44ms/epoch - 7ms/step
Epoch 91/100
6/6 - 0s - loss: 0.0692 - accuracy: 0.9866 - val_loss: 0.0594 - val_accuracy: 0.9883 - 44ms/epoch - 7ms/step
Epoch 92/100
6/6 - 0s - loss: 0.0661 - accuracy: 0.9866 - val_loss: 0.0589 - val_accuracy: 0.9883 - 44ms/epoch - 7ms/step
Epoch 93/100
6/6 - 0s - loss: 0.0669 - accuracy: 0.9866 - val_loss: 0.0587 - val_accuracy: 0.9883 - 43ms/epoch - 7ms/step
Epoch 94/100
6/6 - 0s - loss: 0.0697 - accuracy: 0.9866 - val_loss: 0.0620 - val_accuracy: 0.9883 - 46ms/epoch - 8ms/step
Epoch 95/100
6/6 - 0s - loss: 0.0684 - accuracy: 0.9866 - val_loss: 0.0601 - val_accuracy: 0.9883 - 44ms/epoch - 7ms/step
Epoch 96/100
6/6 - 0s - loss: 0.0659 - accuracy: 0.9866 - val_loss: 0.0588 - val_accuracy: 0.9883 - 44ms/epoch - 7ms/step
Epoch 97/100
6/6 - 0s - loss: 0.0682 - accuracy: 0.9866 - val_loss: 0.0591 - val_accuracy: 0.9883 - 47ms/epoch - 8ms/step
Epoch 98/100
6/6 - 0s - loss: 0.0664 - accuracy: 0.9866 - val_loss: 0.0585 - val_accuracy: 0.9883 - 46ms/epoch - 8ms/step
Epoch 99/100
6/6 - 0s - loss: 0.0708 - accuracy: 0.9866 - val_loss: 0.0585 - val_accuracy: 0.9883 - 47ms/epoch - 8ms/step
Epoch 100/100
6/6 - 0s - loss: 0.0663 - accuracy: 0.9866 - val_loss: 0.0596 - val_accuracy: 0.9883 - 44ms/epoch - 7ms/step
深度神经网络模型训练完成！
8/8 - 0s - loss: 0.0596 - accuracy: 0.9883 - 33ms/epoch - 4ms/step
Test score: 0.059611976146698
Test accuracy: 0.98828125
Keras weights file (<HDF5 file "variables.h5" (mode r+)>) saving:
...layers
......dense
.........vars
............0
............1
......dense_1
.........vars
............0
............1
......dense_2
.........vars
............0
............1
......dense_3
.........vars
............0
............1
...metrics
......mean
.........vars
............0
............1
......mean_metric_wrapper
.........vars
............0
............1
...vars
Keras model archive saving:
File Name                                             Modified             Size
config.json                                    2023-03-30 16:05:07         2622
metadata.json                                  2023-03-30 16:05:07           64
variables.h5                                   2023-03-30 16:05:07       113496
新模型保存成功
